<?xml version="1.0" encoding="UTF-8"?>
<testsuite name="com.bridgelabz.MoodAnalyserTest" tests="1" skipped="0" failures="0" errors="0" timestamp="2020-06-19T20:12:08" hostname="HOME" time="13.348">
  <properties/>
  <testcase name="givenNull_ShouldReturn_Happy" classname="com.bridgelabz.MoodAnalyserTest" time="13.348"/>
  <system-out><![CDATA[]]></system-out>
  <system-err><![CDATA[]]></system-err>
</testsuite>
