<?xml version="1.0" encoding="UTF-8"?>
<testsuite name="com.bridgelabz.MoodAnalyserTest" tests="2" skipped="0" failures="0" errors="0" timestamp="2020-06-19T19:35:27" hostname="HOME" time="0.025">
  <properties/>
  <testcase name="givenMoodSad_ShouldReturn_Sad" classname="com.bridgelabz.MoodAnalyserTest" time="0.014"/>
  <testcase name="givenMoodHappy_ShouldReturn_Happy" classname="com.bridgelabz.MoodAnalyserTest" time="0.005"/>
  <system-out><![CDATA[]]></system-out>
  <system-err><![CDATA[]]></system-err>
</testsuite>
