<?xml version="1.0" encoding="UTF-8"?>
<testsuite name="com.bridgelabz.MoodAnalyserTest" tests="1" skipped="0" failures="0" errors="0" timestamp="2020-06-19T19:03:11" hostname="HOME" time="0.018">
  <properties/>
  <testcase name="givenMoodHappy_ShoudlReturn_Happy" classname="com.bridgelabz.MoodAnalyserTest" time="0.018"/>
  <system-out><![CDATA[]]></system-out>
  <system-err><![CDATA[]]></system-err>
</testsuite>
