<?xml version="1.0" encoding="UTF-8"?>
<testsuite name="com.bridgelabz.MoodAnalyser.MoodAnalyserTest" tests="1" skipped="0" failures="0" errors="0" timestamp="2020-06-24T20:32:48" hostname="HOME" time="0.009">
  <properties/>
  <testcase name="givenMoodAnalyser_WhenProperShouldReturn_MooddAnalyserObject" classname="com.bridgelabz.MoodAnalyser.MoodAnalyserTest" time="0.009"/>
  <system-out><![CDATA[]]></system-out>
  <system-err><![CDATA[]]></system-err>
</testsuite>
