<?xml version="1.0" encoding="UTF-8"?>
<testsuite name="com.bridgelabz.MoodAnalyserTest" tests="1" skipped="0" failures="0" errors="0" timestamp="2020-06-25T12:41:02" hostname="HOME" time="0.007">
  <properties/>
  <testcase name="givenImproperHappyMessage_ShouldReturn_MoodAnalysisException" classname="com.bridgelabz.MoodAnalyserTest" time="0.007"/>
  <system-out><![CDATA[]]></system-out>
  <system-err><![CDATA[]]></system-err>
</testsuite>
