<?xml version="1.0" encoding="UTF-8"?>
<testsuite name="com.bridgelabz.MoodAnalyserTest" tests="1" skipped="0" failures="0" errors="0" timestamp="2020-06-19T19:12:35" hostname="HOME" time="0.017">
  <properties/>
  <testcase name="givenMoodSad_ShouldReturn_Sad" classname="com.bridgelabz.MoodAnalyserTest" time="0.017"/>
  <system-out><![CDATA[]]></system-out>
  <system-err><![CDATA[]]></system-err>
</testsuite>
